<?xml version="1.0" encoding="UTF-8"?>
<testsuite name="com.example.yeoga.YeogaApplicationTests" tests="1" skipped="0" failures="0" errors="0" timestamp="2024-09-22T16:53:05" hostname="heetae2632.local" time="0.45">
  <properties/>
  <testcase name="contextLoads()" classname="com.example.yeoga.YeogaApplicationTests" time="0.45"/>
  <system-out><![CDATA[01:53:01.388 [Test worker] INFO org.springframework.test.context.support.AnnotationConfigContextLoaderUtils -- Could not detect default configuration classes for test class [com.example.yeoga.YeogaApplicationTests]: YeogaApplicationTests does not declare any static, non-private, non-final, nested classes annotated with @Configuration.
01:53:01.445 [Test worker] INFO org.springframework.boot.test.context.SpringBootTestContextBootstrapper -- Found @SpringBootConfiguration com.example.yeoga.YeogaApplication for test class com.example.yeoga.YeogaApplicationTests

  .   ____          _            __ _ _
 /\\ / ___'_ __ _ _(_)_ __  __ _ \ \ \ \
( ( )\___ | '_ | '_| | '_ \/ _` | \ \ \ \
 \\/  ___)| |_)| | | | | || (_| |  ) ) ) )
  '  |____| .__|_| |_|_| |_\__, | / / / /
 =========|_|==============|___/=/_/_/_/
?[32m :: Spring Boot :: ?[39m              ?[2m (v3.2.1)?[0;39m

?[2m2024-09-23T01:53:01.708+09:00?[0;39m ?[32m INFO?[0;39m ?[35m27959?[0;39m ?[2m---?[0;39m ?[2m[    Test worker]?[0;39m ?[2m?[0;39m?[36mc.example.yeoga.YeogaApplicationTests   ?[0;39m ?[2m:?[0;39m Starting YeogaApplicationTests using Java 22.0.2 with PID 27959 (started by huitaepark in /Users/huitaepark/Desktop/YeoGa_BackEnd)
?[2m2024-09-23T01:53:01.709+09:00?[0;39m ?[32m INFO?[0;39m ?[35m27959?[0;39m ?[2m---?[0;39m ?[2m[    Test worker]?[0;39m ?[2m?[0;39m?[36mc.example.yeoga.YeogaApplicationTests   ?[0;39m ?[2m:?[0;39m No active profile set, falling back to 1 default profile: "default"
?[2m2024-09-23T01:53:02.223+09:00?[0;39m ?[32m INFO?[0;39m ?[35m27959?[0;39m ?[2m---?[0;39m ?[2m[    Test worker]?[0;39m ?[2m?[0;39m?[36m.s.d.r.c.RepositoryConfigurationDelegate?[0;39m ?[2m:?[0;39m Bootstrapping Spring Data JPA repositories in DEFAULT mode.
?[2m2024-09-23T01:53:02.267+09:00?[0;39m ?[32m INFO?[0;39m ?[35m27959?[0;39m ?[2m---?[0;39m ?[2m[    Test worker]?[0;39m ?[2m?[0;39m?[36m.s.d.r.c.RepositoryConfigurationDelegate?[0;39m ?[2m:?[0;39m Finished Spring Data repository scanning in 39 ms. Found 7 JPA repository interfaces.
?[2m2024-09-23T01:53:02.571+09:00?[0;39m ?[32m INFO?[0;39m ?[35m27959?[0;39m ?[2m---?[0;39m ?[2m[    Test worker]?[0;39m ?[2m?[0;39m?[36mo.hibernate.jpa.internal.util.LogHelper ?[0;39m ?[2m:?[0;39m HHH000204: Processing PersistenceUnitInfo [name: default]
?[2m2024-09-23T01:53:02.598+09:00?[0;39m ?[32m INFO?[0;39m ?[35m27959?[0;39m ?[2m---?[0;39m ?[2m[    Test worker]?[0;39m ?[2m?[0;39m?[36morg.hibernate.Version                   ?[0;39m ?[2m:?[0;39m HHH000412: Hibernate ORM core version 6.4.1.Final
?[2m2024-09-23T01:53:02.616+09:00?[0;39m ?[32m INFO?[0;39m ?[35m27959?[0;39m ?[2m---?[0;39m ?[2m[    Test worker]?[0;39m ?[2m?[0;39m?[36mo.h.c.internal.RegionFactoryInitiator   ?[0;39m ?[2m:?[0;39m HHH000026: Second-level cache disabled
?[2m2024-09-23T01:53:02.750+09:00?[0;39m ?[32m INFO?[0;39m ?[35m27959?[0;39m ?[2m---?[0;39m ?[2m[    Test worker]?[0;39m ?[2m?[0;39m?[36mo.s.o.j.p.SpringPersistenceUnitInfo     ?[0;39m ?[2m:?[0;39m No LoadTimeWeaver setup: ignoring JPA class transformer
?[2m2024-09-23T01:53:02.764+09:00?[0;39m ?[32m INFO?[0;39m ?[35m27959?[0;39m ?[2m---?[0;39m ?[2m[    Test worker]?[0;39m ?[2m?[0;39m?[36mcom.zaxxer.hikari.HikariDataSource      ?[0;39m ?[2m:?[0;39m HikariPool-1 - Starting...
?[2m2024-09-23T01:53:02.866+09:00?[0;39m ?[32m INFO?[0;39m ?[35m27959?[0;39m ?[2m---?[0;39m ?[2m[    Test worker]?[0;39m ?[2m?[0;39m?[36mcom.zaxxer.hikari.pool.HikariPool       ?[0;39m ?[2m:?[0;39m HikariPool-1 - Added connection com.mysql.cj.jdbc.ConnectionImpl@6533629
?[2m2024-09-23T01:53:02.868+09:00?[0;39m ?[32m INFO?[0;39m ?[35m27959?[0;39m ?[2m---?[0;39m ?[2m[    Test worker]?[0;39m ?[2m?[0;39m?[36mcom.zaxxer.hikari.HikariDataSource      ?[0;39m ?[2m:?[0;39m HikariPool-1 - Start completed.
?[2m2024-09-23T01:53:03.473+09:00?[0;39m ?[32m INFO?[0;39m ?[35m27959?[0;39m ?[2m---?[0;39m ?[2m[    Test worker]?[0;39m ?[2m?[0;39m?[36mo.h.e.t.j.p.i.JtaPlatformInitiator      ?[0;39m ?[2m:?[0;39m HHH000489: No JTA platform available (set 'hibernate.transaction.jta.platform' to enable JTA platform integration)
?[2m2024-09-23T01:53:03.550+09:00?[0;39m ?[32m INFO?[0;39m ?[35m27959?[0;39m ?[2m---?[0;39m ?[2m[    Test worker]?[0;39m ?[2m?[0;39m?[36mj.LocalContainerEntityManagerFactoryBean?[0;39m ?[2m:?[0;39m Initialized JPA EntityManagerFactory for persistence unit 'default'
?[2m2024-09-23T01:53:03.980+09:00?[0;39m ?[33m WARN?[0;39m ?[35m27959?[0;39m ?[2m---?[0;39m ?[2m[    Test worker]?[0;39m ?[2m?[0;39m?[36mJpaBaseConfiguration$JpaWebConfiguration?[0;39m ?[2m:?[0;39m spring.jpa.open-in-view is enabled by default. Therefore, database queries may be performed during view rendering. Explicitly configure spring.jpa.open-in-view to disable this warning
?[2m2024-09-23T01:53:04.990+09:00?[0;39m ?[32m INFO?[0;39m ?[35m27959?[0;39m ?[2m---?[0;39m ?[2m[    Test worker]?[0;39m ?[2m?[0;39m?[36mo.s.s.web.DefaultSecurityFilterChain    ?[0;39m ?[2m:?[0;39m Will secure any request with [org.springframework.security.web.session.DisableEncodeUrlFilter@39329d81, org.springframework.security.web.context.request.async.WebAsyncManagerIntegrationFilter@63574d76, org.springframework.security.web.context.SecurityContextHolderFilter@52b2713a, org.springframework.security.web.header.HeaderWriterFilter@a642c54, org.springframework.web.filter.CorsFilter@586a9fe1, com.example.yeoga.jwt.CustomLogoutFilter@dcf64d2, org.springframework.security.web.authentication.logout.LogoutFilter@354baab2, com.example.yeoga.jwt.LoginFilter@20bc3e7f, com.example.yeoga.jwt.JWTFilter@7959fbe3, org.springframework.security.web.savedrequest.RequestCacheAwareFilter@2bdf6c7c, org.springframework.security.web.servletapi.SecurityContextHolderAwareRequestFilter@13ac1657, org.springframework.security.web.authentication.AnonymousAuthenticationFilter@75c0e6be, org.springframework.security.web.session.SessionManagementFilter@4b59a1c1, org.springframework.security.web.access.ExceptionTranslationFilter@78977b59, org.springframework.security.web.access.intercept.AuthorizationFilter@2b3e2039]
?[2m2024-09-23T01:53:05.220+09:00?[0;39m ?[32m INFO?[0;39m ?[35m27959?[0;39m ?[2m---?[0;39m ?[2m[    Test worker]?[0;39m ?[2m?[0;39m?[36mc.example.yeoga.YeogaApplicationTests   ?[0;39m ?[2m:?[0;39m Started YeogaApplicationTests in 3.688 seconds (process running for 4.447)
]]></system-out>
  <system-err><![CDATA[WARNING: A Java agent has been loaded dynamically (/Users/huitaepark/.gradle/caches/modules-2/files-2.1/net.bytebuddy/byte-buddy-agent/1.14.10/90ed94ac044ea8953b224304c762316e91fd6b31/byte-buddy-agent-1.14.10.jar)
WARNING: If a serviceability tool is in use, please run with -XX:+EnableDynamicAgentLoading to hide this warning
WARNING: If a serviceability tool is not in use, please run with -Djdk.instrument.traceUsage for more information
WARNING: Dynamic loading of agents will be disallowed by default in a future release
]]></system-err>
</testsuite>
